  CollisionMgr.cpp
  GeoMetriDesh.cpp
  GraphicDevice.cpp
  KeyManager.cpp
  Logo.cpp
  MainGame.cpp
  Menu.cpp
  MultiTexture.cpp
  Object.cpp
  ObjectManager.cpp
C:\Users\Admin\Desktop\MFC 2 - Teamproject\GeoMetriDesh\GeoMetriDesh\ObjectManager.cpp(97,24): warning C4477: 'swprintf_s' : 서식 문자열 '%d'에 'int' 형식의 인수가 필요하지만 variadic 인수 1의 형식이 'unsigned __int64'입니다.
C:\Users\Admin\Desktop\MFC 2 - Teamproject\GeoMetriDesh\GeoMetriDesh\ObjectManager.cpp(97,24): message : 서식 문자열에서 '%zd'을(를) 사용하는 것이 좋습니다.
  Player.cpp
  Scene.cpp
  SceneManager.cpp
  SingleTexture.cpp
  Stage.cpp
  SubObject.cpp
  Texture.cpp
  TextureManager.cpp
  코드를 생성하고 있습니다...
GraphicDevice.obj : error LNK2019: Direct3DCreate9"public: long __cdecl GraphicDevice::ReadyGraphicDevice(void)" (?ReadyGraphicDevice@GraphicDevice@@QEAAJXZ) 함수에서 참조되는 확인할 수 없는 외부 기호
GraphicDevice.obj : error LNK2019: D3DXCreateSprite"public: long __cdecl GraphicDevice::ReadyGraphicDevice(void)" (?ReadyGraphicDevice@GraphicDevice@@QEAAJXZ) 함수에서 참조되는 확인할 수 없는 외부 기호
GraphicDevice.obj : error LNK2019: D3DXCreateFontIndirectW"public: long __cdecl GraphicDevice::ReadyGraphicDevice(void)" (?ReadyGraphicDevice@GraphicDevice@@QEAAJXZ) 함수에서 참조되는 확인할 수 없는 외부 기호
GraphicDevice.obj : error LNK2019: D3DXCreateLine"public: long __cdecl GraphicDevice::ReadyGraphicDevice(void)" (?ReadyGraphicDevice@GraphicDevice@@QEAAJXZ) 함수에서 참조되는 확인할 수 없는 외부 기호
MultiTexture.obj : error LNK2019: D3DXGetImageInfoFromFileW"public: virtual long __cdecl MultiTexture::InsertTexture(class std::basic_string<wchar_t,struct std::char_traits<wchar_t>,class std::allocator<wchar_t> > const &,class std::basic_string<wchar_t,struct std::char_traits<wchar_t>,class std::allocator<wchar_t> > const &,int const &)" (?InsertTexture@MultiTexture@@UEAAJAEBV?$basic_string@_WU?$char_traits@_W@std@@V?$allocator@_W@2@@std@@0AEBH@Z) 함수에서 참조되는 확인할 수 없는 외부 기호
SingleTexture.obj : error LNK2001: 확인할 수 없는 외부 기호 D3DXGetImageInfoFromFileW
MultiTexture.obj : error LNK2019: D3DXCreateTextureFromFileExW"public: virtual long __cdecl MultiTexture::InsertTexture(class std::basic_string<wchar_t,struct std::char_traits<wchar_t>,class std::allocator<wchar_t> > const &,class std::basic_string<wchar_t,struct std::char_traits<wchar_t>,class std::allocator<wchar_t> > const &,int const &)" (?InsertTexture@MultiTexture@@UEAAJAEBV?$basic_string@_WU?$char_traits@_W@std@@V?$allocator@_W@2@@std@@0AEBH@Z) 함수에서 참조되는 확인할 수 없는 외부 기호
SingleTexture.obj : error LNK2001: 확인할 수 없는 외부 기호 D3DXCreateTextureFromFileExW
C:\Program Files (x86)\Microsoft DirectX SDK (June 2010)\Lib\x86\d3d9.lib : warning LNK4272: 'x86' 라이브러리 컴퓨터 종류가 'x64' 대상 컴퓨터 종류와 충돌합니다.
C:\Program Files (x86)\Microsoft DirectX SDK (June 2010)\Lib\x86\d3dx9.lib : warning LNK4272: 'x86' 라이브러리 컴퓨터 종류가 'x64' 대상 컴퓨터 종류와 충돌합니다.
C:\Users\Admin\Desktop\MFC 2 - Teamproject\GeoMetriDesh\x64\Debug\GeoMetriDesh.exe : fatal error LNK1120: 6개의 확인할 수 없는 외부 참조입니다.
